2024-12-05 09:36:20,827 P640433 INFO Load from ./chunks/TT
2024-12-05 09:36:58,351 P640433 INFO Epoch 1/50, training loss: 1.60579 [25.98s]
2024-12-05 09:37:23,772 P640433 INFO Epoch 2/50, training loss: 0.61693 [25.42s]
2024-12-05 09:37:49,059 P640433 INFO Epoch 3/50, training loss: 0.32663 [25.29s]
2024-12-05 09:38:14,581 P640433 INFO Epoch 4/50, training loss: 0.25751 [25.52s]
2024-12-05 09:38:39,939 P640433 INFO Epoch 5/50, training loss: 0.23457 [25.36s]
2024-12-05 09:39:05,464 P640433 INFO Epoch 6/50, training loss: 0.21851 [25.52s]
2024-12-05 09:39:31,002 P640433 INFO Epoch 7/50, training loss: 0.20520 [25.54s]
2024-12-05 09:39:56,537 P640433 INFO Epoch 8/50, training loss: 0.19295 [25.54s]
2024-12-05 09:40:22,039 P640433 INFO Epoch 9/50, training loss: 0.19152 [25.50s]
2024-12-05 09:40:39,521 P640433 INFO Test -- F1: 0.9270, Rec: 0.9878, Pre: 0.8733, HR@1: 0.9518, ndcg@1: 0.9518, HR@3: 0.9590, ndcg@3: 0.9562, HR@5: 0.9597, ndcg@5: 0.9565
2024-12-05 09:41:04,755 P640433 INFO Epoch 10/50, training loss: 0.18881 [25.23s]
2024-12-05 09:41:30,090 P640433 INFO Epoch 11/50, training loss: 0.18085 [25.33s]
2024-12-05 09:41:55,362 P640433 INFO Epoch 12/50, training loss: 0.17087 [25.27s]
2024-12-05 09:42:20,788 P640433 INFO Epoch 13/50, training loss: 0.15896 [25.43s]
2024-12-05 09:42:46,086 P640433 INFO Epoch 14/50, training loss: 0.16093 [25.30s]
2024-12-05 09:43:11,340 P640433 INFO Epoch 15/50, training loss: 0.15247 [25.25s]
2024-12-05 09:43:36,432 P640433 INFO Epoch 16/50, training loss: 0.16072 [25.09s]
2024-12-05 09:44:01,564 P640433 INFO Epoch 17/50, training loss: 0.14798 [25.13s]
2024-12-05 09:44:26,805 P640433 INFO Epoch 18/50, training loss: 0.16379 [25.24s]
2024-12-05 09:44:52,026 P640433 INFO Epoch 19/50, training loss: 0.14321 [25.22s]
2024-12-05 09:45:08,821 P640433 INFO Test -- F1: 0.9420, Rec: 0.9616, Pre: 0.9232, HR@1: 0.8757, ndcg@1: 0.8757, HR@3: 0.8797, ndcg@3: 0.8782, HR@5: 0.8798, ndcg@5: 0.8782
2024-12-05 09:45:33,953 P640433 INFO Epoch 20/50, training loss: 0.13590 [25.13s]
2024-12-05 09:45:59,245 P640433 INFO Epoch 21/50, training loss: 0.12923 [25.29s]
2024-12-05 09:46:24,576 P640433 INFO Epoch 22/50, training loss: 0.12682 [25.33s]
2024-12-05 09:46:49,816 P640433 INFO Epoch 23/50, training loss: 0.12100 [25.24s]
2024-12-05 09:47:14,999 P640433 INFO Epoch 24/50, training loss: 0.12135 [25.18s]
2024-12-05 09:47:40,167 P640433 INFO Epoch 25/50, training loss: 0.11747 [25.17s]
2024-12-05 09:48:05,482 P640433 INFO Epoch 26/50, training loss: 0.11329 [25.32s]
2024-12-05 09:48:30,895 P640433 INFO Epoch 27/50, training loss: 0.11111 [25.41s]
2024-12-05 09:48:56,282 P640433 INFO Epoch 28/50, training loss: 0.11093 [25.39s]
2024-12-05 09:49:21,435 P640433 INFO Epoch 29/50, training loss: 0.11096 [25.15s]
2024-12-05 09:49:38,401 P640433 INFO Test -- F1: 0.9480, Rec: 0.9656, Pre: 0.9310, HR@1: 0.8722, ndcg@1: 0.8722, HR@3: 0.8759, ndcg@3: 0.8745, HR@5: 0.8764, ndcg@5: 0.8747
2024-12-05 09:50:03,611 P640433 INFO Epoch 30/50, training loss: 0.10558 [25.21s]
2024-12-05 09:50:28,834 P640433 INFO Epoch 31/50, training loss: 0.11991 [25.22s]
2024-12-05 09:50:53,989 P640433 INFO Epoch 32/50, training loss: 0.10003 [25.16s]
2024-12-05 09:51:19,247 P640433 INFO Epoch 33/50, training loss: 0.09812 [25.26s]
2024-12-05 09:51:44,506 P640433 INFO Epoch 34/50, training loss: 0.09617 [25.26s]
2024-12-05 09:52:09,800 P640433 INFO Epoch 35/50, training loss: 0.09183 [25.29s]
2024-12-05 09:52:35,008 P640433 INFO Epoch 36/50, training loss: 0.10041 [25.21s]
2024-12-05 09:53:00,280 P640433 INFO Epoch 37/50, training loss: 0.09147 [25.27s]
2024-12-05 09:53:25,653 P640433 INFO Epoch 38/50, training loss: 0.08801 [25.37s]
2024-12-05 09:53:50,891 P640433 INFO Epoch 39/50, training loss: 0.08839 [25.24s]
2024-12-05 09:54:07,872 P640433 INFO Test -- F1: 0.9635, Rec: 0.9694, Pre: 0.9576, HR@1: 0.8549, ndcg@1: 0.8549, HR@3: 0.8560, ndcg@3: 0.8556, HR@5: 0.8560, ndcg@5: 0.8556
2024-12-05 09:54:33,108 P640433 INFO Epoch 40/50, training loss: 0.07970 [25.23s]
2024-12-05 09:54:58,375 P640433 INFO Epoch 41/50, training loss: 0.08429 [25.27s]
2024-12-05 09:55:23,690 P640433 INFO Epoch 42/50, training loss: 0.08133 [25.31s]
2024-12-05 09:55:48,876 P640433 INFO Epoch 43/50, training loss: 0.08408 [25.19s]
2024-12-05 09:56:14,357 P640433 INFO Epoch 44/50, training loss: 0.08016 [25.48s]
2024-12-05 09:56:39,625 P640433 INFO Epoch 45/50, training loss: 0.08397 [25.27s]
2024-12-05 09:57:04,949 P640433 INFO Epoch 46/50, training loss: 0.07527 [25.32s]
2024-12-05 09:57:30,095 P640433 INFO Epoch 47/50, training loss: 0.07357 [25.15s]
2024-12-05 09:57:55,381 P640433 INFO Epoch 48/50, training loss: 0.07209 [25.28s]
2024-12-05 09:58:20,640 P640433 INFO Epoch 49/50, training loss: 0.07251 [25.26s]
2024-12-05 09:58:37,872 P640433 INFO Test -- F1: 0.9664, Rec: 0.9867, Pre: 0.9470, HR@1: 0.8822, ndcg@1: 0.8822, HR@3: 0.8838, ndcg@3: 0.8832, HR@5: 0.8839, ndcg@5: 0.8832
2024-12-05 09:59:03,220 P640433 INFO Epoch 50/50, training loss: 0.06844 [25.35s]
2024-12-05 09:59:03,221 P640433 INFO * Best result got at epoch 9 with HR@1: 0.9518
2024-12-05 09:59:03,228 P640433 INFO Current hash_id 0aba95d5
