2024-12-05 09:26:00,627 P628332 INFO Using GPU...
2024-12-05 09:26:00,627 P628332 INFO Load from ./chunks/SN
2024-12-05 09:27:01,626 P628432 INFO Using GPU...
2024-12-05 09:27:01,626 P628432 INFO Load from ./chunks/SN
2024-12-05 09:27:57,426 P628517 INFO Using GPU...
2024-12-05 09:27:57,427 P628517 INFO Load from ./chunks/SN
2024-12-05 09:28:16,388 P628605 INFO Using GPU...
2024-12-05 09:28:16,388 P628605 INFO Load from ./chunks/SN
2024-12-05 09:32:39,060 P628760 INFO Load from ./chunks/SN
2024-12-05 09:33:31,219 P628875 INFO Load from ./chunks/SN
2024-12-05 09:34:13,032 P628993 INFO Load from ./chunks/SN
2024-12-05 09:34:15,070 P628993 INFO Epoch 1/50, training loss: 1.42913 [1.06s]
2024-12-05 09:34:15,930 P628993 INFO Epoch 2/50, training loss: 1.14469 [0.86s]
2024-12-05 09:34:16,821 P628993 INFO Epoch 3/50, training loss: 0.83171 [0.89s]
2024-12-05 09:34:17,724 P628993 INFO Epoch 4/50, training loss: 0.61964 [0.90s]
2024-12-05 09:34:18,601 P628993 INFO Epoch 5/50, training loss: 0.50720 [0.88s]
2024-12-05 09:34:19,464 P628993 INFO Epoch 6/50, training loss: 0.42491 [0.86s]
2024-12-05 09:34:20,344 P628993 INFO Epoch 7/50, training loss: 0.35215 [0.88s]
2024-12-05 09:34:21,193 P628993 INFO Epoch 8/50, training loss: 0.31086 [0.85s]
2024-12-05 09:34:22,083 P628993 INFO Epoch 9/50, training loss: 0.27198 [0.89s]
2024-12-05 09:34:58,088 P630747 INFO Load from ./chunks/SN
2024-12-05 09:35:00,156 P630747 INFO Epoch 1/50, training loss: 1.42913 [1.08s]
2024-12-05 09:35:01,025 P630747 INFO Epoch 2/50, training loss: 1.14469 [0.87s]
2024-12-05 09:35:01,903 P630747 INFO Epoch 3/50, training loss: 0.83171 [0.88s]
2024-12-05 09:35:02,778 P630747 INFO Epoch 4/50, training loss: 0.61964 [0.87s]
2024-12-05 09:35:03,672 P630747 INFO Epoch 5/50, training loss: 0.50720 [0.89s]
2024-12-05 09:35:04,549 P630747 INFO Epoch 6/50, training loss: 0.42491 [0.88s]
2024-12-05 09:35:05,413 P630747 INFO Epoch 7/50, training loss: 0.35215 [0.86s]
2024-12-05 09:35:06,298 P630747 INFO Epoch 8/50, training loss: 0.31086 [0.88s]
2024-12-05 09:35:07,189 P630747 INFO Epoch 9/50, training loss: 0.27198 [0.89s]
2024-12-05 09:35:08,631 P630747 INFO Test -- F1: 0.9355, Rec: 0.9450, Pre: 0.9261, HR@1: 0.7764, ndcg@1: 0.7764, HR@3: 0.8307, ndcg@3: 0.8089, HR@5: 0.8326, ndcg@5: 0.8096
2024-12-05 09:35:09,517 P630747 INFO Epoch 10/50, training loss: 0.25807 [0.88s]
2024-12-05 09:35:10,439 P630747 INFO Epoch 11/50, training loss: 0.21538 [0.92s]
2024-12-05 09:35:11,320 P630747 INFO Epoch 12/50, training loss: 0.19843 [0.88s]
2024-12-05 09:35:12,191 P630747 INFO Epoch 13/50, training loss: 0.19741 [0.87s]
2024-12-05 09:35:13,067 P630747 INFO Epoch 14/50, training loss: 0.18202 [0.88s]
2024-12-05 09:35:13,962 P630747 INFO Epoch 15/50, training loss: 0.16445 [0.89s]
2024-12-05 09:35:14,835 P630747 INFO Epoch 16/50, training loss: 0.15172 [0.87s]
2024-12-05 09:35:15,709 P630747 INFO Epoch 17/50, training loss: 0.21681 [0.87s]
2024-12-05 09:35:16,633 P630747 INFO Epoch 18/50, training loss: 0.17602 [0.92s]
2024-12-05 09:35:17,526 P630747 INFO Epoch 19/50, training loss: 0.17268 [0.89s]
2024-12-05 09:35:18,955 P630747 INFO Test -- F1: 0.9582, Rec: 0.9627, Pre: 0.9538, HR@1: 0.7836, ndcg@1: 0.7836, HR@3: 0.8246, ndcg@3: 0.8090, HR@5: 0.8265, ndcg@5: 0.8097
2024-12-05 09:35:19,831 P630747 INFO Epoch 20/50, training loss: 0.14881 [0.87s]
2024-12-05 09:35:20,710 P630747 INFO Epoch 21/50, training loss: 0.14379 [0.88s]
2024-12-05 09:35:21,592 P630747 INFO Epoch 22/50, training loss: 0.12159 [0.88s]
2024-12-05 09:35:22,468 P630747 INFO Epoch 23/50, training loss: 0.12497 [0.88s]
2024-12-05 09:35:23,356 P630747 INFO Epoch 24/50, training loss: 0.14305 [0.89s]
2024-12-05 09:35:24,219 P630747 INFO Epoch 25/50, training loss: 0.12727 [0.86s]
2024-12-05 09:35:25,107 P630747 INFO Epoch 26/50, training loss: 0.10601 [0.89s]
2024-12-05 09:35:25,984 P630747 INFO Epoch 27/50, training loss: 0.09621 [0.88s]
2024-12-05 09:35:26,853 P630747 INFO Epoch 28/50, training loss: 0.09139 [0.87s]
2024-12-05 09:35:27,717 P630747 INFO Epoch 29/50, training loss: 0.12796 [0.86s]
2024-12-05 09:35:29,192 P630747 INFO Test -- F1: 0.9691, Rec: 0.9900, Pre: 0.9490, HR@1: 0.8179, ndcg@1: 0.8179, HR@3: 0.8561, ndcg@3: 0.8417, HR@5: 0.8592, ndcg@5: 0.8431
2024-12-05 09:35:30,072 P630747 INFO Epoch 30/50, training loss: 0.15471 [0.88s]
2024-12-05 09:35:30,951 P630747 INFO Epoch 31/50, training loss: 0.11710 [0.88s]
2024-12-05 09:35:31,847 P630747 INFO Epoch 32/50, training loss: 0.09423 [0.90s]
2024-12-05 09:35:32,731 P630747 INFO Epoch 33/50, training loss: 0.08195 [0.88s]
2024-12-05 09:35:33,608 P630747 INFO Epoch 34/50, training loss: 0.07616 [0.88s]
2024-12-05 09:35:34,485 P630747 INFO Epoch 35/50, training loss: 0.07243 [0.88s]
2024-12-05 09:35:35,374 P630747 INFO Epoch 36/50, training loss: 0.07026 [0.89s]
2024-12-05 09:35:36,243 P630747 INFO Epoch 37/50, training loss: 0.06631 [0.87s]
2024-12-05 09:35:37,102 P630747 INFO Epoch 38/50, training loss: 0.07214 [0.86s]
2024-12-05 09:35:37,968 P630747 INFO Epoch 39/50, training loss: 0.09545 [0.87s]
2024-12-05 09:35:39,416 P630747 INFO Test -- F1: 0.9791, Rec: 0.9835, Pre: 0.9746, HR@1: 0.7678, ndcg@1: 0.7678, HR@3: 0.8288, ndcg@3: 0.8061, HR@5: 0.8294, ndcg@5: 0.8064
2024-12-05 09:35:40,290 P630747 INFO Epoch 40/50, training loss: 0.10773 [0.87s]
2024-12-05 09:35:41,140 P630747 INFO Epoch 41/50, training loss: 0.08531 [0.85s]
2024-12-05 09:35:42,028 P630747 INFO Epoch 42/50, training loss: 0.08385 [0.89s]
2024-12-05 09:35:42,927 P630747 INFO Epoch 43/50, training loss: 0.06844 [0.90s]
2024-12-05 09:35:43,827 P630747 INFO Epoch 44/50, training loss: 0.05295 [0.90s]
2024-12-05 09:35:44,699 P630747 INFO Epoch 45/50, training loss: 0.04439 [0.87s]
2024-12-05 09:35:45,575 P630747 INFO Epoch 46/50, training loss: 0.04740 [0.88s]
2024-12-05 09:35:46,463 P630747 INFO Epoch 47/50, training loss: 0.05890 [0.89s]
2024-12-05 09:35:47,343 P630747 INFO Epoch 48/50, training loss: 0.06338 [0.88s]
2024-12-05 09:35:48,225 P630747 INFO Epoch 49/50, training loss: 0.04751 [0.88s]
2024-12-05 09:35:49,704 P630747 INFO Test -- F1: 0.9819, Rec: 0.9713, Pre: 0.9927, HR@1: 0.7887, ndcg@1: 0.7887, HR@3: 0.8013, ndcg@3: 0.7966, HR@5: 0.8025, ndcg@5: 0.7971
2024-12-05 09:35:50,605 P630747 INFO Epoch 50/50, training loss: 0.04545 [0.90s]
2024-12-05 09:35:50,605 P630747 INFO * Best result got at epoch 29 with HR@1: 0.8179
2024-12-05 09:35:50,605 P630747 INFO Current hash_id 78e573d7
